<?xml version="1.0" encoding="utf-8"?><testsuites name="pytest tests"><testsuite name="pytest" errors="0" failures="0" skipped="0" tests="22" time="3.189" timestamp="2026-03-09T15:15:28.005010+00:00" hostname="agent-env-0ebb6d4b-dd1d-4770-9e94-203607fc5493"><testcase classname="backend.tests.test_hub_pages.TestHealthEndpoint" name="test_health_check" time="0.175" /><testcase classname="backend.tests.test_hub_pages.TestDoctorsAPI" name="test_get_all_doctors" time="0.172" /><testcase classname="backend.tests.test_hub_pages.TestDoctorsAPI" name="test_doctors_have_required_fields" time="0.118" /><testcase classname="backend.tests.test_hub_pages.TestDoctorsAPI" name="test_orthopedic_doctors_exist" time="0.113" /><testcase classname="backend.tests.test_hub_pages.TestDoctorsAPI" name="test_general_surgery_doctors_exist" time="0.111" /><testcase classname="backend.tests.test_hub_pages.TestDoctorsAPI" name="test_get_single_doctor" time="0.140" /><testcase classname="backend.tests.test_hub_pages.TestDoctorsAPI" name="test_doctor_not_found" time="0.130" /><testcase classname="backend.tests.test_hub_pages.Test301Redirects" name="test_orthopedics_redirect" time="0.115" /><testcase classname="backend.tests.test_hub_pages.Test301Redirects" name="test_joint_replacement_redirect" time="0.155" /><testcase classname="backend.tests.test_hub_pages.Test301Redirects" name="test_bone_surgery_redirect" time="0.146" /><testcase classname="backend.tests.test_hub_pages.Test301Redirects" name="test_oncology_redirect" time="0.119" /><testcase classname="backend.tests.test_hub_pages.Test301Redirects" name="test_cancer_treatment_redirect" time="0.212" /><testcase classname="backend.tests.test_hub_pages.Test301Redirects" name="test_back_surgery_redirect" time="0.121" /><testcase classname="backend.tests.test_hub_pages.Test301Redirects" name="test_spine_care_redirect" time="0.115" /><testcase classname="backend.tests.test_hub_pages.TestAppointmentsAPI" name="test_create_appointment" time="0.142" /><testcase classname="backend.tests.test_hub_pages.TestAppointmentsAPI" name="test_create_appointment_esic_patient" time="0.120" /><testcase classname="backend.tests.test_hub_pages.TestAppointmentsAPI" name="test_get_appointments" time="0.104" /><testcase classname="backend.tests.test_hub_pages.TestServicesAPI" name="test_get_services" time="0.135" /><testcase classname="backend.tests.test_hub_pages.TestServicesAPI" name="test_orthopedics_service_exists" time="0.129" /><testcase classname="backend.tests.test_hub_pages.TestSitemapAndRobots" name="test_sitemap_includes_hub_pages" time="0.151" /><testcase classname="backend.tests.test_hub_pages.TestSitemapAndRobots" name="test_robots_allows_hub_pages" time="0.121" /><testcase classname="backend.tests.test_hub_pages.TestHospitalInfo" name="test_get_hospital_info" time="0.154" /></testsuite></testsuites>